<?xml version="1.0" encoding="UTF-8"?>
<!-- Generated by org.testng.reporters.JUnitReportReporter -->
<testsuite hostname="DESKTOP-QLNN57K" failures="0" tests="2" name="TestCases.TeamSelectionTest" time="0.013" errors="0" timestamp="2023-01-12T18:58:15 IST" skipped="0">
  <testcase classname="TestCases.TeamSelectionTest" name="validateForeignPlayerLimit" time="0.013"/>
  <system-out/>
  <testcase classname="TestCases.TeamSelectionTest" name="validateWicketKeeperAvailability" time="0.000"/>
  <system-out/>
</testsuite> <!-- TestCases.TeamSelectionTest -->
